Base path: C:/Program Files/Unity/Editor/Data
Pipe name: \\.\pipe\UnityShaderCompiler-64bit-1-106000
Cmd: getPlatforms
Cmd: compileSnippet
  api=1 type=0 insize=982 outsize=842 kw=DIRECTIONAL SHADOWS_OFF LIGHTMAP_OFF DIRLIGHTMAP_OFF DYNAMICLIGHTMAP_OFF pd= ok=1
Cmd: compileSnippet
  api=1 type=0 insize=982 outsize=1336 kw=DIRECTIONAL SHADOWS_OFF LIGHTMAP_OFF DIRLIGHTMAP_OFF DYNAMICLIGHTMAP_OFF VERTEXLIGHT_ON pd= ok=1
Cmd: compileSnippet
  api=1 type=0 insize=982 outsize=1485 kw=DIRECTIONAL SHADOWS_SCREEN LIGHTMAP_OFF DIRLIGHTMAP_OFF DYNAMICLIGHTMAP_OFF VERTEXLIGHT_ON pd= ok=1
Cmd: compileSnippet
  api=1 type=0 insize=982 outsize=1073 kw=DIRECTIONAL SHADOWS_OFF LIGHTMAP_OFF DIRLIGHTMAP_OFF DYNAMICLIGHTMAP_OFF _NORMALMAP pd= ok=1
Cmd: compileSnippet
  api=4 type=0 insize=982 outsize=6116 kw=DIRECTIONAL SHADOWS_OFF LIGHTMAP_OFF DIRLIGHTMAP_OFF DYNAMICLIGHTMAP_OFF VERTEXLIGHT_ON _NORMALMAP pd= ok=1
Cmd: compileSnippet
  api=1 type=0 insize=982 outsize=1536 kw=DIRECTIONAL SHADOWS_SCREEN LIGHTMAP_OFF DIRLIGHTMAP_OFF DYNAMICLIGHTMAP_OFF _NORMALMAP _PARALLAXMAP pd= ok=1
Cmd: compileSnippet
  api=1 type=0 insize=982 outsize=1993 kw=DIRECTIONAL SHADOWS_SCREEN LIGHTMAP_OFF DIRLIGHTMAP_OFF DYNAMICLIGHTMAP_OFF VERTEXLIGHT_ON _NORMALMAP _PARALLAXMAP pd= ok=1
Cmd: compileSnippet
  api=1 type=1 insize=982 outsize=3738 kw=DIRECTIONAL SHADOWS_OFF LIGHTMAP_OFF DIRLIGHTMAP_OFF DYNAMICLIGHTMAP_OFF pd= ok=1
Cmd: compileSnippet
  api=4 type=1 insize=982 outsize=11714 kw=DIRECTIONAL SHADOWS_SCREEN LIGHTMAP_OFF DIRLIGHTMAP_OFF DYNAMICLIGHTMAP_OFF _NORMALMAP pd= ok=1
Cmd: compileSnippet
  api=1 type=0 insize=938 outsize=923 kw=POINT SHADOWS_OFF pd= ok=1
Cmd: compileSnippet
  api=4 type=0 insize=938 outsize=4792 kw=POINT_COOKIE SHADOWS_OFF pd= ok=1
Cmd: compileSnippet
  api=4 type=0 insize=938 outsize=4459 kw=DIRECTIONAL SHADOWS_SCREEN pd= ok=1
Cmd: compileSnippet
  api=1 type=0 insize=938 outsize=965 kw=POINT_COOKIE SHADOWS_CUBE pd= ok=1
Cmd: compileSnippet
  api=1 type=0 insize=938 outsize=965 kw=POINT SHADOWS_CUBE SHADOWS_SOFT pd= ok=1
Cmd: compileSnippet
  api=4 type=0 insize=938 outsize=4938 kw=POINT_COOKIE SHADOWS_CUBE SHADOWS_SOFT pd= ok=1
Cmd: compileSnippet
  api=4 type=0 insize=938 outsize=4792 kw=SPOT SHADOWS_OFF _NORMALMAP pd= ok=1
Cmd: compileSnippet
  api=4 type=0 insize=938 outsize=4792 kw=DIRECTIONAL_COOKIE SHADOWS_OFF _NORMALMAP pd= ok=1
Cmd: compileSnippet
  api=1 type=0 insize=938 outsize=1073 kw=DIRECTIONAL_COOKIE SHADOWS_SCREEN _NORMALMAP pd= ok=1
Cmd: compileSnippet
  api=1 type=0 insize=938 outsize=965 kw=POINT_COOKIE SHADOWS_CUBE _NORMALMAP pd= ok=1
Cmd: compileSnippet
  api=1 type=0 insize=938 outsize=965 kw=POINT SHADOWS_CUBE SHADOWS_SOFT _NORMALMAP pd= ok=1
Cmd: compileSnippet
  api=4 type=0 insize=938 outsize=4938 kw=POINT_COOKIE SHADOWS_CUBE SHADOWS_SOFT _NORMALMAP pd= ok=1
Cmd: compileSnippet
  api=4 type=0 insize=938 outsize=5864 kw=POINT_COOKIE SHADOWS_OFF _NORMALMAP _PARALLAXMAP pd= ok=1
Cmd: compileSnippet
  api=1 type=0 insize=938 outsize=1382 kw=DIRECTIONAL SHADOWS_SCREEN _NORMALMAP _PARALLAXMAP pd= ok=1
Cmd: compileSnippet
  api=1 type=0 insize=938 outsize=1369 kw=POINT SHADOWS_CUBE _NORMALMAP _PARALLAXMAP pd= ok=1
Cmd: compileSnippet
  api=4 type=0 insize=938 outsize=6279 kw=SPOT SHADOWS_DEPTH SHADOWS_SOFT SHADOWS_NATIVE _NORMALMAP _PARALLAXMAP pd= ok=1
Cmd: compileSnippet
  api=1 type=1 insize=938 outsize=2142 kw=POINT SHADOWS_OFF pd= ok=1
Cmd: compileSnippet
  api=4 type=1 insize=938 outsize=5767 kw=DIRECTIONAL_COOKIE SHADOWS_OFF pd= ok=1
Cmd: compileSnippet
  api=4 type=1 insize=938 outsize=5824 kw=DIRECTIONAL SHADOWS_SCREEN pd= ok=1
Cmd: compileSnippet
  api=1 type=1 insize=938 outsize=2412 kw=POINT_COOKIE SHADOWS_CUBE pd= ok=1
Cmd: compileSnippet
  api=4 type=1 insize=938 outsize=7660 kw=SPOT SHADOWS_DEPTH SHADOWS_SOFT SHADOWS_NATIVE pd= ok=1
Cmd: compileSnippet
  api=4 type=1 insize=938 outsize=7676 kw=POINT_COOKIE SHADOWS_CUBE SHADOWS_SOFT pd= ok=1
Cmd: compileSnippet
  api=4 type=1 insize=938 outsize=7213 kw=SPOT SHADOWS_OFF _NORMALMAP pd= ok=1
Cmd: compileSnippet
  api=1 type=1 insize=938 outsize=2372 kw=DIRECTIONAL_COOKIE SHADOWS_OFF _NORMALMAP pd= ok=1
Cmd: compileSnippet
  api=4 type=1 insize=938 outsize=6523 kw=DIRECTIONAL SHADOWS_SCREEN _NORMALMAP pd= ok=1
Cmd: compileSnippet
  api=4 type=1 insize=938 outsize=7400 kw=POINT SHADOWS_CUBE _NORMALMAP pd= ok=1
Cmd: compileSnippet
  api=4 type=1 insize=938 outsize=8343 kw=SPOT SHADOWS_DEPTH SHADOWS_SOFT SHADOWS_NATIVE _NORMALMAP pd= ok=1
Cmd: compileSnippet
  api=1 type=1 insize=938 outsize=2946 kw=POINT_COOKIE SHADOWS_CUBE SHADOWS_SOFT _NORMALMAP pd= ok=1
Cmd: compileSnippet
  api=1 type=1 insize=938 outsize=2740 kw=POINT_COOKIE SHADOWS_OFF _NORMALMAP _PARALLAXMAP pd= ok=1
Cmd: compileSnippet
  api=4 type=1 insize=938 outsize=7278 kw=DIRECTIONAL SHADOWS_SCREEN _NORMALMAP _PARALLAXMAP pd= ok=1
Cmd: compileSnippet
  api=1 type=1 insize=938 outsize=2721 kw=DIRECTIONAL_COOKIE SHADOWS_SCREEN _NORMALMAP _PARALLAXMAP pd= ok=1
Cmd: compileSnippet
  api=1 type=1 insize=938 outsize=3212 kw=SPOT SHADOWS_DEPTH SHADOWS_SOFT SHADOWS_NATIVE _NORMALMAP _PARALLAXMAP pd= ok=1
Cmd: compileSnippet
  api=4 type=1 insize=938 outsize=9131 kw=POINT_COOKIE SHADOWS_CUBE SHADOWS_SOFT _NORMALMAP _PARALLAXMAP pd= ok=1
Cmd: compileSnippet
  api=1 type=0 insize=751 outsize=814 kw=SHADOWS_DEPTH pd= ok=1
Cmd: compileSnippet
  api=1 type=1 insize=751 outsize=65 kw=SHADOWS_DEPTH pd= ok=1
Cmd: compileSnippet
  api=1 type=0 insize=1152 outsize=842 kw=LIGHTMAP_OFF DIRLIGHTMAP_OFF DYNAMICLIGHTMAP_OFF pd= ok=1
Cmd: compileSnippet
  api=1 type=0 insize=1152 outsize=1387 kw=LIGHTMAP_OFF DIRLIGHTMAP_OFF DYNAMICLIGHTMAP_OFF _NORMALMAP _PARALLAXMAP pd= ok=1
Cmd: compileSnippet
  api=1 type=0 insize=1152 outsize=1073 kw=LIGHTMAP_OFF DIRLIGHTMAP_COMBINED DYNAMICLIGHTMAP_OFF _NORMALMAP pd= ok=1
Cmd: compileSnippet
  api=1 type=0 insize=1152 outsize=1073 kw=LIGHTMAP_OFF DIRLIGHTMAP_SEPARATE DYNAMICLIGHTMAP_OFF pd= ok=1
Cmd: compileSnippet
  api=1 type=0 insize=1152 outsize=1387 kw=LIGHTMAP_OFF DIRLIGHTMAP_SEPARATE DYNAMICLIGHTMAP_OFF _NORMALMAP _PARALLAXMAP pd= ok=1
Cmd: compileSnippet
  api=4 type=0 insize=1152 outsize=3979 kw=LIGHTMAP_OFF DIRLIGHTMAP_OFF DYNAMICLIGHTMAP_OFF UNITY_HDR_ON pd= ok=1
Cmd: compileSnippet
  api=1 type=0 insize=1152 outsize=1073 kw=LIGHTMAP_OFF DIRLIGHTMAP_COMBINED DYNAMICLIGHTMAP_OFF UNITY_HDR_ON pd= ok=1
Cmd: compileSnippet
  api=4 type=0 insize=1152 outsize=4703 kw=LIGHTMAP_OFF DIRLIGHTMAP_COMBINED DYNAMICLIGHTMAP_OFF UNITY_HDR_ON _NORMALMAP pd= ok=1
Cmd: compileSnippet
  api=4 type=0 insize=1152 outsize=4703 kw=LIGHTMAP_OFF DIRLIGHTMAP_SEPARATE DYNAMICLIGHTMAP_OFF UNITY_HDR_ON pd= ok=1
Cmd: compileSnippet
  api=1 type=0 insize=1152 outsize=1387 kw=LIGHTMAP_OFF DIRLIGHTMAP_SEPARATE DYNAMICLIGHTMAP_OFF UNITY_HDR_ON _NORMALMAP _PARALLAXMAP pd= ok=1
Cmd: compileSnippet
  api=1 type=1 insize=1152 outsize=677 kw=LIGHTMAP_OFF DIRLIGHTMAP_OFF DYNAMICLIGHTMAP_OFF pd= ok=1
Cmd: compileSnippet
  api=1 type=1 insize=1152 outsize=1313 kw=LIGHTMAP_OFF DIRLIGHTMAP_OFF DYNAMICLIGHTMAP_OFF _NORMALMAP _PARALLAXMAP pd= ok=1
Cmd: compileSnippet
  api=4 type=1 insize=1152 outsize=3606 kw=LIGHTMAP_OFF DIRLIGHTMAP_COMBINED DYNAMICLIGHTMAP_OFF _NORMALMAP pd= ok=1
Cmd: compileSnippet
  api=4 type=1 insize=1152 outsize=3606 kw=LIGHTMAP_OFF DIRLIGHTMAP_SEPARATE DYNAMICLIGHTMAP_OFF _NORMALMAP pd= ok=1
Cmd: compileSnippet
  api=4 type=1 insize=1152 outsize=4369 kw=LIGHTMAP_OFF DIRLIGHTMAP_SEPARATE DYNAMICLIGHTMAP_OFF _NORMALMAP _PARALLAXMAP pd= ok=1
Cmd: compileSnippet
  api=4 type=1 insize=1152 outsize=4321 kw=LIGHTMAP_OFF DIRLIGHTMAP_OFF DYNAMICLIGHTMAP_OFF UNITY_HDR_ON _NORMALMAP _PARALLAXMAP pd= ok=1
Cmd: compileSnippet
  api=4 type=1 insize=1152 outsize=3557 kw=LIGHTMAP_OFF DIRLIGHTMAP_COMBINED DYNAMICLIGHTMAP_OFF UNITY_HDR_ON _NORMALMAP pd= ok=1
Cmd: compileSnippet
  api=4 type=1 insize=1152 outsize=2769 kw=LIGHTMAP_OFF DIRLIGHTMAP_SEPARATE DYNAMICLIGHTMAP_OFF UNITY_HDR_ON pd= ok=1
Cmd: compileSnippet
  api=4 type=1 insize=1152 outsize=4321 kw=LIGHTMAP_OFF DIRLIGHTMAP_SEPARATE DYNAMICLIGHTMAP_OFF UNITY_HDR_ON _NORMALMAP _PARALLAXMAP pd= ok=1
Cmd: compileSnippet
  api=1 type=0 insize=886 outsize=851 kw=DIRECTIONAL SHADOWS_OFF LIGHTMAP_OFF DIRLIGHTMAP_OFF DYNAMICLIGHTMAP_OFF pd= ok=1
Cmd: compileSnippet
  api=4 type=0 insize=886 outsize=4670 kw=DIRECTIONAL SHADOWS_SCREEN LIGHTMAP_OFF DIRLIGHTMAP_OFF DYNAMICLIGHTMAP_OFF pd= ok=1
Cmd: compileSnippet
  api=1 type=0 insize=886 outsize=1473 kw=DIRECTIONAL SHADOWS_SCREEN LIGHTMAP_OFF DIRLIGHTMAP_OFF DYNAMICLIGHTMAP_OFF VERTEXLIGHT_ON pd= ok=1
Cmd: compileSnippet
  api=8 type=0 insize=886 outsize=9709 kw=DIRECTIONAL SHADOWS_SCREEN SHADOWS_NATIVE LIGHTMAP_OFF DIRLIGHTMAP_OFF DYNAMICLIGHTMAP_OFF VERTEXLIGHT_ON pd=UNITY_NO_SCREENSPACE_SHADOWS UNITY_NO_LINEAR_COLORSPACE ok=1
Cmd: compileSnippet
  api=8 type=0 insize=886 outsize=9726 kw=DIRECTIONAL SHADOWS_OFF LIGHTMAP_OFF DIRLIGHTMAP_OFF DYNAMICLIGHTMAP_OFF VERTEXLIGHT_ON _NORMALMAP pd=UNITY_NO_SCREENSPACE_SHADOWS UNITY_NO_LINEAR_COLORSPACE ok=1
Cmd: compileSnippet
  api=1 type=1 insize=886 outsize=1157 kw=DIRECTIONAL SHADOWS_OFF LIGHTMAP_OFF DIRLIGHTMAP_OFF DYNAMICLIGHTMAP_OFF pd= ok=1
Cmd: compileSnippet
  api=4 type=1 insize=886 outsize=4337 kw=DIRECTIONAL SHADOWS_SCREEN LIGHTMAP_OFF DIRLIGHTMAP_OFF DYNAMICLIGHTMAP_OFF pd= ok=1
Cmd: compileSnippet
  api=8 type=1 insize=886 outsize=6858 kw=DIRECTIONAL SHADOWS_OFF LIGHTMAP_OFF DIRLIGHTMAP_OFF DYNAMICLIGHTMAP_OFF _NORMALMAP pd=UNITY_NO_SCREENSPACE_SHADOWS UNITY_NO_LINEAR_COLORSPACE ok=1
Cmd: compileSnippet
  api=1 type=0 insize=816 outsize=893 kw=POINT SHADOWS_OFF pd= ok=1
Cmd: compileSnippet
  api=4 type=0 insize=816 outsize=4256 kw=DIRECTIONAL SHADOWS_OFF pd= ok=1
Cmd: compileSnippet
  api=4 type=0 insize=816 outsize=5101 kw=SPOT SHADOWS_OFF pd= ok=1
Cmd: compileSnippet
  api=1 type=0 insize=816 outsize=859 kw=DIRECTIONAL_COOKIE SHADOWS_OFF pd= ok=1
Cmd: compileSnippet
  api=1 type=0 insize=816 outsize=989 kw=SPOT SHADOWS_DEPTH SHADOWS_NATIVE pd= ok=1
Cmd: compileSnippet
  api=1 type=0 insize=816 outsize=951 kw=DIRECTIONAL SHADOWS_SCREEN pd= ok=1
Cmd: compileSnippet
  api=4 type=0 insize=816 outsize=5304 kw=DIRECTIONAL_COOKIE SHADOWS_SCREEN pd= ok=1
Cmd: compileSnippet
  api=1 type=0 insize=816 outsize=915 kw=POINT_COOKIE SHADOWS_CUBE pd= ok=1
Cmd: compileSnippet
  api=8 type=0 insize=816 outsize=7264 kw=DIRECTIONAL SHADOWS_SCREEN SHADOWS_NATIVE pd=UNITY_NO_SCREENSPACE_SHADOWS UNITY_NO_LINEAR_COLORSPACE ok=1
Cmd: compileSnippet
  api=1 type=0 insize=816 outsize=803 kw=DIRECTIONAL SHADOWS_OFF _NORMALMAP pd= ok=1
Cmd: compileSnippet
  api=8 type=0 insize=816 outsize=6208 kw=DIRECTIONAL SHADOWS_OFF _NORMALMAP pd=UNITY_NO_SCREENSPACE_SHADOWS UNITY_NO_LINEAR_COLORSPACE ok=1
Cmd: compileSnippet
  api=4 type=0 insize=816 outsize=5101 kw=POINT_COOKIE SHADOWS_OFF _NORMALMAP pd= ok=1
Cmd: compileSnippet
  api=1 type=0 insize=816 outsize=859 kw=DIRECTIONAL_COOKIE SHADOWS_OFF _NORMALMAP pd= ok=1
Cmd: compileSnippet
  api=1 type=0 insize=816 outsize=989 kw=SPOT SHADOWS_DEPTH SHADOWS_NATIVE _NORMALMAP pd= ok=1
Cmd: compileSnippet
  api=8 type=0 insize=816 outsize=8003 kw=SPOT SHADOWS_DEPTH SHADOWS_NATIVE _NORMALMAP pd=UNITY_NO_SCREENSPACE_SHADOWS UNITY_NO_LINEAR_COLORSPACE ok=1
Cmd: compileSnippet
  api=1 type=0 insize=816 outsize=915 kw=POINT_COOKIE SHADOWS_CUBE _NORMALMAP pd= ok=1
Cmd: compileSnippet
  api=8 type=0 insize=816 outsize=7264 kw=DIRECTIONAL SHADOWS_SCREEN SHADOWS_NATIVE _NORMALMAP pd=UNITY_NO_SCREENSPACE_SHADOWS UNITY_NO_LINEAR_COLORSPACE ok=1
Cmd: compileSnippet
  api=1 type=1 insize=816 outsize=807 kw=POINT SHADOWS_OFF pd= ok=1
Cmd: compileSnippet
  api=1 type=1 insize=816 outsize=941 kw=SPOT SHADOWS_OFF pd= ok=1
Cmd: compileSnippet
  api=1 type=1 insize=816 outsize=857 kw=POINT_COOKIE SHADOWS_OFF pd= ok=1
Cmd: compileSnippet
  api=4 type=1 insize=816 outsize=2842 kw=DIRECTIONAL_COOKIE SHADOWS_OFF pd= ok=1
Cmd: compileSnippet
  api=8 type=1 insize=816 outsize=5891 kw=SPOT SHADOWS_DEPTH SHADOWS_NATIVE pd=UNITY_NO_SCREENSPACE_SHADOWS UNITY_NO_LINEAR_COLORSPACE ok=1
Cmd: compileSnippet
  api=1 type=1 insize=816 outsize=999 kw=POINT SHADOWS_CUBE pd= ok=1
Cmd: compileSnippet
  api=4 type=1 insize=816 outsize=3768 kw=POINT_COOKIE SHADOWS_CUBE pd= ok=1
Cmd: compileSnippet
  api=1 type=1 insize=816 outsize=1073 kw=POINT SHADOWS_OFF _NORMALMAP pd= ok=1
Cmd: compileSnippet
  api=4 type=1 insize=816 outsize=3419 kw=POINT SHADOWS_OFF _NORMALMAP pd= ok=1
Cmd: compileSnippet
  api=8 type=1 insize=816 outsize=4818 kw=DIRECTIONAL SHADOWS_OFF _NORMALMAP pd=UNITY_NO_SCREENSPACE_SHADOWS UNITY_NO_LINEAR_COLORSPACE ok=1
Cmd: compileSnippet
  api=1 type=1 insize=816 outsize=1123 kw=POINT_COOKIE SHADOWS_OFF _NORMALMAP pd= ok=1
Cmd: compileSnippet
  api=1 type=1 insize=816 outsize=1049 kw=DIRECTIONAL_COOKIE SHADOWS_OFF _NORMALMAP pd= ok=1
Cmd: compileSnippet
  api=4 type=1 insize=816 outsize=4434 kw=SPOT SHADOWS_DEPTH SHADOWS_NATIVE _NORMALMAP pd= ok=1
Cmd: compileSnippet
  api=4 type=1 insize=816 outsize=3419 kw=DIRECTIONAL SHADOWS_SCREEN _NORMALMAP pd= ok=1
Cmd: compileSnippet
  api=4 type=1 insize=816 outsize=3679 kw=DIRECTIONAL_COOKIE SHADOWS_SCREEN _NORMALMAP pd= ok=1
Cmd: compileSnippet
  api=1 type=1 insize=816 outsize=1315 kw=POINT_COOKIE SHADOWS_CUBE _NORMALMAP pd= ok=1
Cmd: compileSnippet
  api=1 type=0 insize=600 outsize=832 kw=SHADOWS_DEPTH pd= ok=1
Cmd: compileSnippet
  api=8 type=0 insize=600 outsize=2056 kw=SHADOWS_CUBE pd=UNITY_NO_SCREENSPACE_SHADOWS UNITY_NO_LINEAR_COLORSPACE ok=1
Cmd: compileSnippet
  api=1 type=1 insize=600 outsize=67 kw=SHADOWS_DEPTH pd= ok=1
Cmd: compileSnippet
  api=8 type=1 insize=600 outsize=934 kw=SHADOWS_CUBE pd=UNITY_NO_SCREENSPACE_SHADOWS UNITY_NO_LINEAR_COLORSPACE ok=1
Cmd: compileSnippet
  api=1 type=0 insize=1482 outsize=169 kw=SOFTPARTICLES_OFF pd= ok=1
Cmd: compileSnippet
  api=1 type=1 insize=1482 outsize=147 kw=SOFTPARTICLES_OFF pd= ok=1
Cmd: compileSnippet
  api=1 type=0 insize=2379 outsize=157 kw=DIRECTIONAL SHADOWS_OFF LIGHTMAP_OFF DIRLIGHTMAP_OFF DYNAMICLIGHTMAP_OFF pd= ok=1
Cmd: compileSnippet
  api=1 type=1 insize=2379 outsize=507 kw=DIRECTIONAL SHADOWS_OFF LIGHTMAP_OFF DIRLIGHTMAP_OFF DYNAMICLIGHTMAP_OFF pd= ok=1
Cmd: compileSnippet
  api=1 type=0 insize=1972 outsize=157 kw=DIRECTIONAL SHADOWS_OFF LIGHTMAP_OFF DIRLIGHTMAP_OFF DYNAMICLIGHTMAP_OFF pd= ok=1
Cmd: compileSnippet
  api=4 type=0 insize=1972 outsize=1006 kw=DIRECTIONAL SHADOWS_SCREEN LIGHTMAP_OFF DIRLIGHTMAP_OFF DYNAMICLIGHTMAP_OFF VERTEXLIGHT_ON pd= ok=1
Cmd: compileSnippet
  api=1 type=1 insize=1972 outsize=271 kw=DIRECTIONAL SHADOWS_OFF LIGHTMAP_OFF DIRLIGHTMAP_OFF DYNAMICLIGHTMAP_OFF pd= ok=1
Cmd: compileSnippet
  api=1 type=0 insize=1736 outsize=358 kw=SHADOWS_DEPTH pd= ok=1
Cmd: compileSnippet
  api=1 type=1 insize=1736 outsize=284 kw=SHADOWS_DEPTH pd= ok=1
Cmd: compileSnippet
  api=1 type=0 insize=2939 outsize=157 kw=DIRECTIONAL SHADOWS_OFF LIGHTMAP_OFF DIRLIGHTMAP_OFF DYNAMICLIGHTMAP_OFF pd= ok=1
Cmd: compileSnippet
  api=1 type=1 insize=2939 outsize=823 kw=DIRECTIONAL SHADOWS_OFF LIGHTMAP_OFF DIRLIGHTMAP_OFF DYNAMICLIGHTMAP_OFF pd= ok=1
Cmd: compileSnippet
  api=1 type=0 insize=2330 outsize=358 kw=SHADOWS_DEPTH pd= ok=1
Cmd: compileSnippet
  api=1 type=1 insize=2330 outsize=539 kw=SHADOWS_DEPTH pd= ok=1
Cmd: compileSnippet
  api=1 type=0 insize=3155 outsize=131 kw= pd= ok=1
Cmd: compileSnippet
  api=1 type=1 insize=3155 outsize=323 kw= pd= ok=1
Cmd: compileSnippet
  api=1 type=0 insize=3153 outsize=131 kw= pd= ok=1
Cmd: compileSnippet
  api=1 type=1 insize=3153 outsize=317 kw= pd= ok=1
Cmd: compileSnippet
  api=1 type=0 insize=3160 outsize=131 kw= pd= ok=1
Cmd: compileSnippet
  api=1 type=1 insize=3160 outsize=1811 kw= pd= ok=1
Cmd: compileSnippet
  api=1 type=0 insize=9378 outsize=807 kw=DIRECTIONAL SHADOWS_OFF LIGHTMAP_OFF DIRLIGHTMAP_OFF DYNAMICLIGHTMAP_OFF pd= ok=1
Cmd: compileSnippet
  api=4 type=0 insize=9378 outsize=3963 kw=DIRECTIONAL SHADOWS_SCREEN LIGHTMAP_OFF DIRLIGHTMAP_OFF DYNAMICLIGHTMAP_OFF VERTEXLIGHT_ON pd= ok=1
Cmd: compileSnippet
  api=1 type=0 insize=9378 outsize=807 kw=DIRECTIONAL SHADOWS_OFF LIGHTMAP_OFF DIRLIGHTMAP_OFF DIRLIGHTMAP_COMBINED DYNAMICLIGHTMAP_OFF VERTEXLIGHT_ON pd= ok=1
Cmd: compileSnippet
  api=4 type=0 insize=9378 outsize=3963 kw=DIRECTIONAL SHADOWS_SCREEN LIGHTMAP_OFF DIRLIGHTMAP_OFF DIRLIGHTMAP_COMBINED DYNAMICLIGHTMAP_OFF VERTEXLIGHT_ON pd= ok=1
Cmd: compileSnippet
  api=1 type=0 insize=9378 outsize=807 kw=DIRECTIONAL SHADOWS_OFF LIGHTMAP_OFF DIRLIGHTMAP_OFF DIRLIGHTMAP_SEPARATE DYNAMICLIGHTMAP_OFF VERTEXLIGHT_ON pd= ok=1
Cmd: compileSnippet
  api=1 type=1 insize=9378 outsize=4390 kw=DIRECTIONAL SHADOWS_OFF LIGHTMAP_OFF DIRLIGHTMAP_OFF DYNAMICLIGHTMAP_OFF pd= ok=1
Cmd: compileSnippet
  api=1 type=1 insize=9378 outsize=4390 kw=DIRECTIONAL SHADOWS_SCREEN LIGHTMAP_OFF DIRLIGHTMAP_OFF DIRLIGHTMAP_COMBINED DYNAMICLIGHTMAP_OFF pd= ok=1
Cmd: compileSnippet
  api=4 type=1 insize=9378 outsize=11983 kw=DIRECTIONAL SHADOWS_SCREEN LIGHTMAP_OFF DIRLIGHTMAP_OFF DIRLIGHTMAP_SEPARATE DYNAMICLIGHTMAP_OFF pd= ok=1
Cmd: compileSnippet
  api=1 type=0 insize=6779 outsize=842 kw=POINT LIGHTMAP_OFF DIRLIGHTMAP_OFF DYNAMICLIGHTMAP_OFF pd= ok=1
Cmd: compileSnippet
  api=1 type=0 insize=6779 outsize=823 kw=DIRECTIONAL_COOKIE LIGHTMAP_OFF DIRLIGHTMAP_OFF DYNAMICLIGHTMAP_OFF pd= ok=1
Cmd: compileSnippet
  api=4 type=0 insize=6779 outsize=4280 kw=POINT LIGHTMAP_OFF DIRLIGHTMAP_COMBINED DYNAMICLIGHTMAP_OFF pd= ok=1
Cmd: compileSnippet
  api=1 type=0 insize=6779 outsize=842 kw=POINT_COOKIE LIGHTMAP_OFF DIRLIGHTMAP_COMBINED DYNAMICLIGHTMAP_OFF pd= ok=1
Cmd: compileSnippet
  api=4 type=0 insize=6779 outsize=4280 kw=DIRECTIONAL_COOKIE LIGHTMAP_OFF DIRLIGHTMAP_COMBINED DYNAMICLIGHTMAP_OFF pd= ok=1
Cmd: compileSnippet
  api=1 type=0 insize=6779 outsize=856 kw=SPOT LIGHTMAP_OFF DIRLIGHTMAP_SEPARATE DYNAMICLIGHTMAP_OFF pd= ok=1
Cmd: compileSnippet
  api=1 type=0 insize=6779 outsize=823 kw=DIRECTIONAL_COOKIE LIGHTMAP_OFF DIRLIGHTMAP_SEPARATE DYNAMICLIGHTMAP_OFF pd= ok=1
Cmd: compileSnippet
  api=1 type=1 insize=6779 outsize=2771 kw=POINT LIGHTMAP_OFF DIRLIGHTMAP_OFF DYNAMICLIGHTMAP_OFF pd= ok=1
Cmd: compileSnippet
  api=4 type=1 insize=6779 outsize=8107 kw=POINT_COOKIE LIGHTMAP_OFF DIRLIGHTMAP_OFF DYNAMICLIGHTMAP_OFF pd= ok=1
Cmd: compileSnippet
  api=4 type=1 insize=6779 outsize=7920 kw=POINT LIGHTMAP_OFF DIRLIGHTMAP_COMBINED DYNAMICLIGHTMAP_OFF pd= ok=1
Cmd: compileSnippet
  api=4 type=1 insize=6779 outsize=8416 kw=SPOT LIGHTMAP_OFF DIRLIGHTMAP_COMBINED DYNAMICLIGHTMAP_OFF pd= ok=1
Cmd: compileSnippet
  api=1 type=1 insize=6779 outsize=2751 kw=DIRECTIONAL_COOKIE LIGHTMAP_OFF DIRLIGHTMAP_COMBINED DYNAMICLIGHTMAP_OFF pd= ok=1
Cmd: compileSnippet
  api=1 type=1 insize=6779 outsize=2685 kw=DIRECTIONAL LIGHTMAP_OFF DIRLIGHTMAP_SEPARATE DYNAMICLIGHTMAP_OFF pd= ok=1
Cmd: compileSnippet
  api=4 type=1 insize=6779 outsize=8107 kw=POINT_COOKIE LIGHTMAP_OFF DIRLIGHTMAP_SEPARATE DYNAMICLIGHTMAP_OFF pd= ok=1
Cmd: compileSnippet
  api=1 type=0 insize=1188 outsize=258 kw= pd= ok=1
Cmd: compileSnippet
  api=1 type=1 insize=1188 outsize=316 kw= pd= ok=1
Cmd: compileSnippet
  api=1 type=0 insize=5399 outsize=258 kw= pd= ok=1
Cmd: compileSnippet
  api=1 type=1 insize=5399 outsize=124 kw= pd= ok=1
Cmd: compileSnippet
  api=1 type=0 insize=5406 outsize=249 kw= pd= ok=1
Cmd: compileSnippet
  api=1 type=1 insize=5406 outsize=318 kw= pd= ok=1
Cmd: compileSnippet
  api=1 type=0 insize=5410 outsize=271 kw= pd= ok=1
Cmd: compileSnippet
  api=1 type=1 insize=5410 outsize=738 kw= pd= ok=1
Cmd: compileSnippet
  api=1 type=0 insize=5411 outsize=271 kw= pd= ok=1
Cmd: compileSnippet
  api=1 type=1 insize=5411 outsize=738 kw= pd= ok=1
Cmd: compileSnippet
  api=1 type=0 insize=5415 outsize=371 kw= pd= ok=1
Cmd: compileSnippet
  api=1 type=1 insize=5415 outsize=661 kw= pd= ok=1
Cmd: compileSnippet
  api=1 type=0 insize=5416 outsize=381 kw= pd= ok=1
Cmd: compileSnippet
  api=1 type=1 insize=5416 outsize=661 kw= pd= ok=1
Cmd: compileSnippet
  api=1 type=0 insize=8468 outsize=302 kw= pd= ok=1
Cmd: compileSnippet
  api=1 type=1 insize=8468 outsize=1589 kw= pd= ok=1
Cmd: compileSnippet
  api=1 type=0 insize=8473 outsize=302 kw= pd= ok=1
Cmd: compileSnippet
  api=1 type=1 insize=8473 outsize=1011 kw= pd= ok=1
Cmd: compileSnippet
  api=1 type=0 insize=8472 outsize=302 kw= pd= ok=1
Cmd: compileSnippet
  api=1 type=1 insize=8472 outsize=119 kw= pd= ok=1
Cmd: compileSnippet
  api=1 type=0 insize=8476 outsize=302 kw= pd= ok=1
Cmd: compileSnippet
  api=1 type=1 insize=8476 outsize=424 kw= pd= ok=1
Cmd: compileSnippet
  api=1 type=0 insize=8475 outsize=302 kw= pd= ok=1
Cmd: compileSnippet
  api=1 type=1 insize=8475 outsize=314 kw= pd= ok=1
Cmd: compileSnippet
  api=1 type=0 insize=3943 outsize=258 kw= pd= ok=1
Cmd: compileSnippet
  api=1 type=1 insize=3943 outsize=205 kw= pd= ok=1
Cmd: compileSnippet
  api=1 type=0 insize=3951 outsize=169 kw= pd= ok=1
Cmd: compileSnippet
  api=1 type=1 insize=3951 outsize=416 kw= pd= ok=1
Cmd: compileSnippet
  api=1 type=0 insize=3943 outsize=258 kw= pd= ok=1
Cmd: compileSnippet
  api=1 type=1 insize=3943 outsize=429 kw= pd= ok=1
Cmd: compileSnippet
  api=1 type=0 insize=3945 outsize=258 kw= pd= ok=1
Cmd: compileSnippet
  api=1 type=1 insize=3945 outsize=640 kw= pd= ok=1
Cmd: compileSnippet
  api=1 type=0 insize=3940 outsize=258 kw= pd= ok=1
Cmd: compileSnippet
  api=1 type=1 insize=3940 outsize=143 kw= pd= ok=1
Cmd: compileSnippet
  api=1 type=0 insize=3202 outsize=157 kw=DIRECTIONAL SHADOWS_OFF LIGHTMAP_OFF DIRLIGHTMAP_OFF DYNAMICLIGHTMAP_OFF pd= ok=1
Cmd: compileSnippet
  api=4 type=0 insize=3202 outsize=1006 kw=DIRECTIONAL SHADOWS_SCREEN LIGHTMAP_OFF DIRLIGHTMAP_OFF DYNAMICLIGHTMAP_OFF VERTEXLIGHT_ON pd= ok=1
Cmd: compileSnippet
  api=1 type=1 insize=3202 outsize=851 kw=DIRECTIONAL SHADOWS_OFF LIGHTMAP_OFF DIRLIGHTMAP_OFF DYNAMICLIGHTMAP_OFF pd= ok=1
Cmd: compileSnippet
  api=1 type=0 insize=2949 outsize=358 kw=SHADOWS_DEPTH pd= ok=1
Cmd: compileSnippet
  api=1 type=1 insize=2949 outsize=870 kw=SHADOWS_DEPTH pd= ok=1
Cmd: compileSnippet
  api=1 type=0 insize=1298 outsize=291 kw= pd= ok=1
Cmd: compileSnippet
  api=1 type=1 insize=1298 outsize=494 kw= pd= ok=1
Cmd: compileSnippet
  api=1 type=0 insize=859 outsize=144 kw= pd= ok=1
Cmd: compileSnippet
  api=1 type=1 insize=859 outsize=81 kw= pd= ok=1
Cmd: compileSnippet
  api=1 type=0 insize=814 outsize=144 kw= pd= ok=1
Cmd: compileSnippet
  api=1 type=1 insize=814 outsize=63 kw= pd= ok=1
Cmd: compileSnippet
  api=1 type=0 insize=1515 outsize=214 kw= pd= ok=1
Cmd: compileSnippet
  api=1 type=1 insize=1515 outsize=81 kw= pd= ok=1
Cmd: compileSnippet
  api=1 type=0 insize=1444 outsize=214 kw= pd= ok=1
Cmd: compileSnippet
  api=1 type=1 insize=1444 outsize=63 kw= pd= ok=1
Cmd: compileSnippet
  api=1 type=0 insize=573 outsize=100 kw= pd= ok=1
Cmd: compileSnippet
  api=1 type=1 insize=573 outsize=58 kw= pd= ok=1
Cmd: compileSnippet
  api=1 type=0 insize=4597 outsize=1014 kw= pd= ok=1
Cmd: compileSnippet
  api=4 type=0 insize=4597 outsize=4833 kw=POINT pd= ok=1
Cmd: compileSnippet
  api=8 type=0 insize=4597 outsize=7865 kw=SPOT pd=UNITY_NO_SCREENSPACE_SHADOWS UNITY_NO_LINEAR_COLORSPACE ok=1
Cmd: compileSnippet
  api=1 type=1 insize=4597 outsize=172 kw= pd= ok=1
Cmd: compileSnippet
  api=8 type=1 insize=4597 outsize=1414 kw=POINT pd=UNITY_NO_SCREENSPACE_SHADOWS UNITY_NO_LINEAR_COLORSPACE ok=1
Cmd: compileSnippet
  api=1 type=0 insize=1807 outsize=259 kw= pd= ok=1
Cmd: compileSnippet
  api=1 type=1 insize=1807 outsize=206 kw= pd= ok=1
Cmd: compileSnippet
  api=1 type=0 insize=2082 outsize=287 kw= pd= ok=1
Cmd: compileSnippet
  api=1 type=1 insize=2082 outsize=254 kw= pd= ok=1
Cmd: compileSnippet
  api=1 type=0 insize=541 outsize=832 kw=SHADOWS_DEPTH pd= ok=1
Cmd: compileSnippet
  api=1 type=1 insize=541 outsize=61 kw=SHADOWS_DEPTH pd= ok=1
Cmd: compileSnippet
  api=1 type=0 insize=6924 outsize=580 kw=DIRECTIONAL SHADOWS_OFF LIGHTMAP_OFF DIRLIGHTMAP_OFF DYNAMICLIGHTMAP_OFF pd= ok=1
Cmd: compileSnippet
  api=1 type=0 insize=6924 outsize=1087 kw=DIRECTIONAL SHADOWS_OFF LIGHTMAP_OFF DIRLIGHTMAP_OFF DYNAMICLIGHTMAP_OFF VERTEXLIGHT_ON pd= ok=1
Cmd: compileSnippet
  api=4 type=0 insize=6924 outsize=5507 kw=DIRECTIONAL SHADOWS_SCREEN LIGHTMAP_OFF DIRLIGHTMAP_OFF DYNAMICLIGHTMAP_OFF VERTEXLIGHT_ON pd= ok=1
Cmd: compileSnippet
  api=1 type=1 insize=6924 outsize=263 kw=DIRECTIONAL SHADOWS_OFF LIGHTMAP_OFF DIRLIGHTMAP_OFF DYNAMICLIGHTMAP_OFF pd= ok=1
Cmd: compileSnippet
  api=1 type=0 insize=3695 outsize=339 kw=POINT pd= ok=1
Cmd: compileSnippet
  api=1 type=0 insize=3695 outsize=339 kw=SPOT pd= ok=1
Cmd: compileSnippet
  api=8 type=0 insize=3695 outsize=3892 kw=POINT_COOKIE pd=UNITY_NO_SCREENSPACE_SHADOWS UNITY_NO_LINEAR_COLORSPACE ok=1
Cmd: compileSnippet
  api=1 type=1 insize=3695 outsize=428 kw=POINT pd= ok=1
Cmd: compileSnippet
  api=1 type=1 insize=3695 outsize=585 kw=SPOT pd= ok=1
Cmd: compileSnippet
  api=8 type=1 insize=3695 outsize=3185 kw=POINT_COOKIE pd=UNITY_NO_SCREENSPACE_SHADOWS UNITY_NO_LINEAR_COLORSPACE ok=1
Cmd: compileSnippet
  api=1 type=0 insize=2902 outsize=293 kw= pd= ok=1
Cmd: compileSnippet
  api=1 type=1 insize=2902 outsize=106 kw= pd= ok=1
Cmd: compileSnippet
  api=1 type=0 insize=5962 outsize=707 kw=LIGHTMAP_OFF DIRLIGHTMAP_OFF DYNAMICLIGHTMAP_OFF HDR_LIGHT_PREPASS_OFF pd= ok=1
Cmd: compileSnippet
  api=8 type=0 insize=5962 outsize=5826 kw=LIGHTMAP_OFF DIRLIGHTMAP_OFF DYNAMICLIGHTMAP_OFF UNITY_HDR_ON pd=UNITY_NO_SCREENSPACE_SHADOWS UNITY_NO_LINEAR_COLORSPACE ok=1
Cmd: compileSnippet
  api=1 type=1 insize=5962 outsize=267 kw=LIGHTMAP_OFF DIRLIGHTMAP_OFF DYNAMICLIGHTMAP_OFF HDR_LIGHT_PREPASS_OFF pd= ok=1
Cmd: compileSnippet
  api=8 type=1 insize=5962 outsize=1918 kw=LIGHTMAP_OFF DIRLIGHTMAP_OFF DYNAMICLIGHTMAP_OFF UNITY_HDR_ON pd=UNITY_NO_SCREENSPACE_SHADOWS UNITY_NO_LINEAR_COLORSPACE ok=1
Cmd: compileSnippet
  api=1 type=0 insize=6026 outsize=595 kw=LIGHTMAP_OFF DIRLIGHTMAP_OFF DYNAMICLIGHTMAP_OFF HDR_LIGHT_PREPASS_OFF pd= ok=1
Cmd: compileSnippet
  api=4 type=0 insize=6026 outsize=3801 kw=LIGHTMAP_OFF DIRLIGHTMAP_OFF DYNAMICLIGHTMAP_OFF UNITY_HDR_ON pd= ok=1
Cmd: compileSnippet
  api=1 type=1 insize=6026 outsize=355 kw=LIGHTMAP_OFF DIRLIGHTMAP_OFF DYNAMICLIGHTMAP_OFF HDR_LIGHT_PREPASS_OFF pd= ok=1
Cmd: compileSnippet
  api=8 type=1 insize=6026 outsize=2234 kw=LIGHTMAP_OFF DIRLIGHTMAP_OFF DYNAMICLIGHTMAP_OFF UNITY_HDR_ON pd=UNITY_NO_SCREENSPACE_SHADOWS UNITY_NO_LINEAR_COLORSPACE ok=1
Cmd: compileSnippet
  api=1 type=0 insize=1275 outsize=441 kw=POINT SHADOWS_OFF pd= ok=1
Cmd: compileSnippet
  api=1 type=0 insize=1275 outsize=441 kw=SPOT SHADOWS_OFF pd= ok=1
Cmd: compileSnippet
  api=1 type=0 insize=1275 outsize=441 kw=DIRECTIONAL_COOKIE SHADOWS_OFF pd= ok=1
Cmd: compileSnippet
  api=4 type=0 insize=1275 outsize=1956 kw=SPOT SHADOWS_DEPTH SHADOWS_NATIVE pd= ok=1
Cmd: compileSnippet
  api=4 type=0 insize=1275 outsize=1956 kw=DIRECTIONAL_COOKIE SHADOWS_SCREEN pd= ok=1
Cmd: compileSnippet
  api=4 type=0 insize=1275 outsize=1956 kw=POINT_COOKIE SHADOWS_CUBE pd= ok=1
Cmd: compileSnippet
  api=4 type=0 insize=1275 outsize=1956 kw=POINT SHADOWS_CUBE SHADOWS_SOFT pd= ok=1
Cmd: compileSnippet
  api=1 type=1 insize=1275 outsize=1442 kw=POINT SHADOWS_OFF pd= ok=1
Cmd: compileSnippet
  api=1 type=1 insize=1275 outsize=1599 kw=SPOT SHADOWS_OFF pd= ok=1
Cmd: compileSnippet
  api=4 type=1 insize=1275 outsize=6059 kw=SPOT SHADOWS_DEPTH SHADOWS_NATIVE pd= ok=1
Cmd: compileSnippet
  api=4 type=1 insize=1275 outsize=4865 kw=DIRECTIONAL_COOKIE SHADOWS_SCREEN pd= ok=1
Cmd: compileSnippet
  api=4 type=1 insize=1275 outsize=5515 kw=POINT_COOKIE SHADOWS_CUBE pd= ok=1
Cmd: compileSnippet
  api=4 type=1 insize=1275 outsize=5808 kw=POINT SHADOWS_CUBE SHADOWS_SOFT pd= ok=1
Cmd: compileSnippet
  api=1 type=0 insize=1268 outsize=441 kw=POINT SHADOWS_OFF pd= ok=1
Cmd: compileSnippet
  api=1 type=0 insize=1268 outsize=441 kw=SPOT SHADOWS_OFF pd= ok=1
Cmd: compileSnippet
  api=1 type=0 insize=1268 outsize=441 kw=DIRECTIONAL_COOKIE SHADOWS_OFF pd= ok=1
Cmd: compileSnippet
  api=1 type=0 insize=1268 outsize=441 kw=DIRECTIONAL SHADOWS_SCREEN pd= ok=1
Cmd: compileSnippet
  api=1 type=0 insize=1268 outsize=441 kw=POINT SHADOWS_CUBE pd= ok=1
Cmd: compileSnippet
  api=1 type=0 insize=1268 outsize=441 kw=POINT_COOKIE SHADOWS_CUBE pd= ok=1
Cmd: compileSnippet
  api=4 type=0 insize=1268 outsize=1956 kw=POINT SHADOWS_CUBE SHADOWS_SOFT pd= ok=1
Cmd: compileSnippet
  api=1 type=1 insize=1268 outsize=1363 kw=POINT SHADOWS_OFF pd= ok=1
Cmd: compileSnippet
  api=1 type=1 insize=1268 outsize=1476 kw=POINT_COOKIE SHADOWS_OFF pd= ok=1
Cmd: compileSnippet
  api=1 type=1 insize=1268 outsize=1323 kw=DIRECTIONAL_COOKIE SHADOWS_OFF pd= ok=1
Cmd: compileSnippet
  api=1 type=1 insize=1268 outsize=1250 kw=DIRECTIONAL SHADOWS_SCREEN pd= ok=1
Cmd: compileSnippet
  api=4 type=1 insize=1268 outsize=4816 kw=DIRECTIONAL_COOKIE SHADOWS_SCREEN pd= ok=1
Cmd: compileSnippet
  api=4 type=1 insize=1268 outsize=5466 kw=POINT_COOKIE SHADOWS_CUBE pd= ok=1
Cmd: compileSnippet
  api=4 type=1 insize=1268 outsize=5759 kw=POINT SHADOWS_CUBE SHADOWS_SOFT pd= ok=1
Cmd: compileSnippet
  api=4 type=1 insize=1268 outsize=6238 kw=POINT_COOKIE SHADOWS_CUBE SHADOWS_SOFT pd= ok=1
Cmd: compileSnippet
  api=1 type=0 insize=1273 outsize=441 kw=POINT SHADOWS_OFF pd= ok=1
Cmd: compileSnippet
  api=1 type=0 insize=1273 outsize=441 kw=SPOT SHADOWS_OFF pd= ok=1
Cmd: compileSnippet
  api=1 type=0 insize=1273 outsize=441 kw=POINT_COOKIE SHADOWS_OFF pd= ok=1
Cmd: compileSnippet
  api=1 type=0 insize=1273 outsize=441 kw=SPOT SHADOWS_DEPTH SHADOWS_NATIVE pd= ok=1
Cmd: compileSnippet
  api=1 type=0 insize=1273 outsize=441 kw=DIRECTIONAL_COOKIE SHADOWS_SCREEN pd= ok=1
Cmd: compileSnippet
  api=4 type=0 insize=1273 outsize=1956 kw=POINT SHADOWS_CUBE pd= ok=1
Cmd: compileSnippet
  api=1 type=0 insize=1273 outsize=441 kw=POINT SHADOWS_CUBE SHADOWS_SOFT pd= ok=1
Cmd: compileSnippet
  api=4 type=0 insize=1273 outsize=1956 kw=POINT_COOKIE SHADOWS_CUBE SHADOWS_SOFT pd= ok=1
Cmd: compileSnippet
  api=1 type=1 insize=1273 outsize=1358 kw=POINT SHADOWS_OFF pd= ok=1
Cmd: compileSnippet
  api=1 type=1 insize=1273 outsize=1525 kw=SPOT SHADOWS_OFF pd= ok=1
Cmd: compileSnippet
  api=1 type=1 insize=1273 outsize=1318 kw=DIRECTIONAL_COOKIE SHADOWS_OFF pd= ok=1
Cmd: compileSnippet
  api=1 type=1 insize=1273 outsize=1255 kw=DIRECTIONAL SHADOWS_SCREEN pd= ok=1
Cmd: compileSnippet
  api=4 type=1 insize=1273 outsize=4816 kw=DIRECTIONAL_COOKIE SHADOWS_SCREEN pd= ok=1
Cmd: compileSnippet
  api=4 type=1 insize=1273 outsize=5466 kw=POINT_COOKIE SHADOWS_CUBE pd= ok=1
Cmd: compileSnippet
  api=4 type=1 insize=1273 outsize=5759 kw=POINT SHADOWS_CUBE SHADOWS_SOFT pd= ok=1
Cmd: compileSnippet
  api=1 type=0 insize=1934 outsize=441 kw=POINT SHADOWS_OFF pd= ok=1
Cmd: compileSnippet
  api=1 type=0 insize=1934 outsize=441 kw=SPOT SHADOWS_OFF pd= ok=1
Cmd: compileSnippet
  api=1 type=0 insize=1934 outsize=441 kw=DIRECTIONAL_COOKIE SHADOWS_OFF pd= ok=1
Cmd: compileSnippet
  api=4 type=0 insize=1934 outsize=1956 kw=SPOT SHADOWS_DEPTH SHADOWS_NATIVE pd= ok=1
Cmd: compileSnippet
  api=4 type=0 insize=1934 outsize=1956 kw=DIRECTIONAL_COOKIE SHADOWS_SCREEN pd= ok=1
Cmd: compileSnippet
  api=1 type=0 insize=1934 outsize=441 kw=SPOT SHADOWS_DEPTH SHADOWS_SOFT SHADOWS_NATIVE pd= ok=1
Cmd: compileSnippet
  api=1 type=0 insize=1934 outsize=441 kw=POINT_COOKIE SHADOWS_CUBE SHADOWS_SOFT pd= ok=1
Cmd: compileSnippet
  api=1 type=0 insize=1934 outsize=441 kw=DIRECTIONAL SHADOWS_OFF UNITY_HDR_ON pd= ok=1
Cmd: compileSnippet
  api=1 type=0 insize=1934 outsize=441 kw=SPOT SHADOWS_OFF UNITY_HDR_ON pd= ok=1
Cmd: compileSnippet
  api=1 type=0 insize=1934 outsize=441 kw=DIRECTIONAL_COOKIE SHADOWS_OFF UNITY_HDR_ON pd= ok=1
Cmd: compileSnippet
  api=1 type=0 insize=1934 outsize=441 kw=DIRECTIONAL SHADOWS_SCREEN UNITY_HDR_ON pd= ok=1
Cmd: compileSnippet
  api=1 type=0 insize=1934 outsize=441 kw=POINT SHADOWS_CUBE UNITY_HDR_ON pd= ok=1
Cmd: compileSnippet
  api=1 type=0 insize=1934 outsize=441 kw=SPOT SHADOWS_DEPTH SHADOWS_SOFT SHADOWS_NATIVE UNITY_HDR_ON pd= ok=1
Cmd: compileSnippet
  api=1 type=0 insize=1934 outsize=441 kw=POINT_COOKIE SHADOWS_CUBE SHADOWS_SOFT UNITY_HDR_ON pd= ok=1
Cmd: compileSnippet
  api=1 type=1 insize=1934 outsize=2312 kw=POINT SHADOWS_OFF pd= ok=1
Cmd: compileSnippet
  api=4 type=1 insize=1934 outsize=7116 kw=POINT_COOKIE SHADOWS_OFF pd= ok=1
Cmd: compileSnippet
  api=1 type=1 insize=1934 outsize=2306 kw=DIRECTIONAL_COOKIE SHADOWS_OFF pd= ok=1
Cmd: compileSnippet
  api=1 type=1 insize=1934 outsize=2506 kw=DIRECTIONAL SHADOWS_SCREEN pd= ok=1
Cmd: compileSnippet
  api=4 type=1 insize=1934 outsize=7091 kw=POINT SHADOWS_CUBE pd= ok=1
Cmd: compileSnippet
  api=4 type=1 insize=1934 outsize=9147 kw=SPOT SHADOWS_DEPTH SHADOWS_SOFT SHADOWS_NATIVE pd= ok=1
Cmd: compileSnippet
  api=4 type=1 insize=1934 outsize=8367 kw=POINT_COOKIE SHADOWS_CUBE SHADOWS_SOFT pd= ok=1
Cmd: compileSnippet
  api=1 type=1 insize=1934 outsize=2139 kw=DIRECTIONAL SHADOWS_OFF UNITY_HDR_ON pd= ok=1
Cmd: compileSnippet
  api=4 type=1 insize=1934 outsize=7067 kw=POINT_COOKIE SHADOWS_OFF UNITY_HDR_ON pd= ok=1
Cmd: compileSnippet
  api=1 type=1 insize=1934 outsize=2804 kw=SPOT SHADOWS_DEPTH SHADOWS_NATIVE UNITY_HDR_ON pd= ok=1
Cmd: compileSnippet
  api=4 type=1 insize=1934 outsize=7254 kw=DIRECTIONAL_COOKIE SHADOWS_SCREEN UNITY_HDR_ON pd= ok=1
Cmd: compileSnippet
  api=1 type=1 insize=1934 outsize=3048 kw=SPOT SHADOWS_DEPTH SHADOWS_SOFT SHADOWS_NATIVE UNITY_HDR_ON pd= ok=1
Cmd: compileSnippet
  api=4 type=1 insize=1934 outsize=8318 kw=POINT_COOKIE SHADOWS_CUBE SHADOWS_SOFT UNITY_HDR_ON pd= ok=1
Cmd: compileSnippet
  api=1 type=0 insize=683 outsize=157 kw= pd= ok=1
Cmd: compileSnippet
  api=1 type=1 insize=683 outsize=142 kw= pd= ok=1
Cmd: compileSnippet
  api=1 type=0 insize=3264 outsize=441 kw= pd= ok=1
Cmd: compileSnippet
  api=1 type=1 insize=3264 outsize=1811 kw= pd= ok=1
Cmd: compileSnippet
  api=1 type=0 insize=823 outsize=244 kw= pd= ok=1
Cmd: compileSnippet
  api=1 type=1 insize=823 outsize=137 kw= pd= ok=1
Cmd: compileSnippet
  api=1 type=0 insize=1420 outsize=252 kw= pd= ok=1
Cmd: compileSnippet
  api=1 type=1 insize=1420 outsize=396 kw= pd= ok=1
Cmd: compileSnippet
  api=1 type=0 insize=6657 outsize=151 kw= pd= ok=1
Cmd: compileSnippet
  api=1 type=1 insize=6657 outsize=9282 kw= pd= ok=1
Cmd: compileSnippet
  api=1 type=0 insize=6657 outsize=128 kw= pd= ok=1
Cmd: compileSnippet
  api=1 type=1 insize=6657 outsize=106 kw= pd= ok=1
Cmd: compileSnippet
  api=1 type=0 insize=701 outsize=151 kw= pd= ok=1
Cmd: compileSnippet
  api=1 type=1 insize=701 outsize=98 kw= pd= ok=1
Cmd: compileSnippet
  api=1 type=0 insize=701 outsize=128 kw= pd= ok=1
Cmd: compileSnippet
  api=1 type=1 insize=701 outsize=100 kw= pd= ok=1
Cmd: compileSnippet
  api=1 type=0 insize=1032 outsize=159 kw= pd= ok=1
Cmd: compileSnippet
  api=1 type=1 insize=1032 outsize=346 kw= pd= ok=1
Cmd: compileSnippet
  api=1 type=0 insize=1032 outsize=132 kw= pd= ok=1
Cmd: compileSnippet
  api=1 type=1 insize=1032 outsize=350 kw= pd= ok=1
